{"level":"info","message":"Listening on port 3900...","timestamp":"2018-07-25T19:02:18.260Z"}
{"level":"info","message":"Connected to mongodb://localhost/vidly...","timestamp":"2018-07-25T19:02:18.281Z"}
{"level":"info","message":"Listening on port 3900...","timestamp":"2018-07-25T19:09:55.035Z"}
{"level":"info","message":"Connected to mongodb://localhost/vidly...","timestamp":"2018-07-25T19:09:55.055Z"}
{"message":"Cannot read property 'isAdmin' of undefined","stack":"TypeError: Cannot read property 'isAdmin' of undefined\n    at module.exports (/Users/moshfeghhamedani/Dropbox/Courses/React/Demo/vidly-api-node/middleware/admin.js:8:17)\n    at /Users/moshfeghhamedani/Dropbox/Courses/React/Demo/vidly-api-node/node_modules/express-async-errors/index.js:17:17\n    at Layer.handle [as handle_request] (/Users/moshfeghhamedani/Dropbox/Courses/React/Demo/vidly-api-node/node_modules/express/lib/router/layer.js:95:5)\n    at next (/Users/moshfeghhamedani/Dropbox/Courses/React/Demo/vidly-api-node/node_modules/express/lib/router/route.js:137:13)\n    at module.exports (/Users/moshfeghhamedani/Dropbox/Courses/React/Demo/vidly-api-node/middleware/auth.js:5:36)\n    at /Users/moshfeghhamedani/Dropbox/Courses/React/Demo/vidly-api-node/node_modules/express-async-errors/index.js:17:17\n    at Layer.handle [as handle_request] (/Users/moshfeghhamedani/Dropbox/Courses/React/Demo/vidly-api-node/node_modules/express/lib/router/layer.js:95:5)\n    at next (/Users/moshfeghhamedani/Dropbox/Courses/React/Demo/vidly-api-node/node_modules/express/lib/router/route.js:137:13)\n    at Route.dispatch (/Users/moshfeghhamedani/Dropbox/Courses/React/Demo/vidly-api-node/node_modules/express/lib/router/route.js:112:3)\n    at /Users/moshfeghhamedani/Dropbox/Courses/React/Demo/vidly-api-node/node_modules/express-async-errors/index.js:17:17\n    at Layer.handle [as handle_request] (/Users/moshfeghhamedani/Dropbox/Courses/React/Demo/vidly-api-node/node_modules/express/lib/router/layer.js:95:5)\n    at /Users/moshfeghhamedani/Dropbox/Courses/React/Demo/vidly-api-node/node_modules/express/lib/router/index.js:281:22\n    at Function.process_params (/Users/moshfeghhamedani/Dropbox/Courses/React/Demo/vidly-api-node/node_modules/express/lib/router/index.js:335:12)\n    at next (/Users/moshfeghhamedani/Dropbox/Courses/React/Demo/vidly-api-node/node_modules/express/lib/router/index.js:275:10)\n    at Function.handle (/Users/moshfeghhamedani/Dropbox/Courses/React/Demo/vidly-api-node/node_modules/express/lib/router/index.js:174:3)\n    at router (/Users/moshfeghhamedani/Dropbox/Courses/React/Demo/vidly-api-node/node_modules/express/lib/router/index.js:47:12)","level":"error","timestamp":"2018-07-25T19:11:08.638Z"}
{"level":"info","message":"Listening on port 3900...","timestamp":"2018-07-25T19:11:36.087Z"}
{"level":"info","message":"Connected to mongodb://localhost/vidly...","timestamp":"2018-07-25T19:11:36.108Z"}
{"level":"info","message":"Listening on port 3900...","timestamp":"2018-07-25T19:11:40.247Z"}
{"level":"info","message":"Connected to mongodb://localhost/vidly...","timestamp":"2018-07-25T19:11:40.267Z"}
{"level":"info","message":"Listening on port 3900...","timestamp":"2018-07-25T19:11:52.261Z"}
{"level":"info","message":"Connected to mongodb://localhost/vidly...","timestamp":"2018-07-25T19:11:52.282Z"}
{"level":"info","message":"Listening on port 3900...","timestamp":"2020-02-03T08:22:21.108Z"}
{"level":"info","message":"Connected to mongodb://localhost/vidly...","timestamp":"2020-02-03T08:22:23.172Z"}
{"level":"info","message":"Listening on port 3900...","timestamp":"2020-02-03T08:30:06.863Z"}
{"level":"info","message":"Connected to mongodb://localhost/vidly...","timestamp":"2020-02-03T08:30:08.899Z"}
{"level":"info","message":"Listening on port 3900...","timestamp":"2020-02-03T08:36:00.407Z"}
{"level":"info","message":"Connected to mongodb://localhost/vidly...","timestamp":"2020-02-03T08:36:02.443Z"}
{"level":"info","message":"Listening on port 3900...","timestamp":"2020-02-03T08:37:41.931Z"}
{"level":"info","message":"Connected to mongodb://localhost/vidly...","timestamp":"2020-02-03T08:37:43.961Z"}
{"level":"info","message":"Listening on port 3900...","timestamp":"2020-02-03T08:39:42.722Z"}
{"level":"info","message":"Connected to mongodb://localhost/vidly...","timestamp":"2020-02-03T08:39:44.757Z"}
{"level":"info","message":"Listening on port 3900...","timestamp":"2020-02-03T08:43:26.999Z"}
{"level":"info","message":"Connected to mongodb://localhost/vidly...","timestamp":"2020-02-03T08:43:29.031Z"}
{"level":"info","message":"Listening on port 3900...","timestamp":"2020-02-03T08:43:53.222Z"}
{"level":"info","message":"Connected to mongodb://localhost/vidly...","timestamp":"2020-02-03T08:43:55.259Z"}
{"level":"info","message":"Listening on port 3900...","timestamp":"2020-02-11T11:54:09.799Z"}
{"level":"info","message":"Connected to mongodb://localhost/vidly...","timestamp":"2020-02-11T11:54:11.896Z"}
{"message":"Cast to ObjectId failed for value \"undefined\" at path \"_id\" for model \"Movies\"","stack":"CastError: Cast to ObjectId failed for value \"undefined\" at path \"_id\" for model \"Movies\"\n    at new CastError (C:\\Work\\mosh\\vidly-api-node\\node_modules\\mongoose\\lib\\error\\cast.js:27:11)\n    at ObjectId.cast (C:\\Work\\mosh\\vidly-api-node\\node_modules\\mongoose\\lib\\schema\\objectid.js:158:13)\n    at ObjectId.SchemaType.applySetters (C:\\Work\\mosh\\vidly-api-node\\node_modules\\mongoose\\lib\\schematype.js:701:12)\n    at ObjectId.SchemaType._castForQuery (C:\\Work\\mosh\\vidly-api-node\\node_modules\\mongoose\\lib\\schematype.js:1072:15)\n    at ObjectId.castForQuery (C:\\Work\\mosh\\vidly-api-node\\node_modules\\mongoose\\lib\\schema\\objectid.js:198:15)\n    at ObjectId.SchemaType.castForQueryWrapper (C:\\Work\\mosh\\vidly-api-node\\node_modules\\mongoose\\lib\\schematype.js:1041:15)\n    at cast (C:\\Work\\mosh\\vidly-api-node\\node_modules\\mongoose\\lib\\cast.js:269:32)\n    at model.Query.Query.cast (C:\\Work\\mosh\\vidly-api-node\\node_modules\\mongoose\\lib\\query.js:3133:12)\n    at model.Query.Query._castConditions (C:\\Work\\mosh\\vidly-api-node\\node_modules\\mongoose\\lib\\query.js:1269:10)\n    at model.Query.Query._findOneAndRemove (C:\\Work\\mosh\\vidly-api-node\\node_modules\\mongoose\\lib\\query.js:2241:8)\n    at C:\\Work\\mosh\\vidly-api-node\\node_modules\\kareem\\index.js:276:8\n    at C:\\Work\\mosh\\vidly-api-node\\node_modules\\kareem\\index.js:23:7\n    at processTicksAndRejections (internal/process/task_queues.js:75:11)","name":"CastError","stringValue":"\"undefined\"","kind":"ObjectId","value":"undefined","path":"_id","level":"error","timestamp":"2020-02-11T12:11:54.187Z"}
{"message":"Cast to ObjectId failed for value \"undefined\" at path \"_id\" for model \"Movies\"","stack":"CastError: Cast to ObjectId failed for value \"undefined\" at path \"_id\" for model \"Movies\"\n    at new CastError (C:\\Work\\mosh\\vidly-api-node\\node_modules\\mongoose\\lib\\error\\cast.js:27:11)\n    at ObjectId.cast (C:\\Work\\mosh\\vidly-api-node\\node_modules\\mongoose\\lib\\schema\\objectid.js:158:13)\n    at ObjectId.SchemaType.applySetters (C:\\Work\\mosh\\vidly-api-node\\node_modules\\mongoose\\lib\\schematype.js:701:12)\n    at ObjectId.SchemaType._castForQuery (C:\\Work\\mosh\\vidly-api-node\\node_modules\\mongoose\\lib\\schematype.js:1072:15)\n    at ObjectId.castForQuery (C:\\Work\\mosh\\vidly-api-node\\node_modules\\mongoose\\lib\\schema\\objectid.js:198:15)\n    at ObjectId.SchemaType.castForQueryWrapper (C:\\Work\\mosh\\vidly-api-node\\node_modules\\mongoose\\lib\\schematype.js:1041:15)\n    at cast (C:\\Work\\mosh\\vidly-api-node\\node_modules\\mongoose\\lib\\cast.js:269:32)\n    at model.Query.Query.cast (C:\\Work\\mosh\\vidly-api-node\\node_modules\\mongoose\\lib\\query.js:3133:12)\n    at model.Query.Query._castConditions (C:\\Work\\mosh\\vidly-api-node\\node_modules\\mongoose\\lib\\query.js:1269:10)\n    at model.Query.Query._findOneAndRemove (C:\\Work\\mosh\\vidly-api-node\\node_modules\\mongoose\\lib\\query.js:2241:8)\n    at C:\\Work\\mosh\\vidly-api-node\\node_modules\\kareem\\index.js:276:8\n    at C:\\Work\\mosh\\vidly-api-node\\node_modules\\kareem\\index.js:23:7\n    at processTicksAndRejections (internal/process/task_queues.js:75:11)","name":"CastError","stringValue":"\"undefined\"","kind":"ObjectId","value":"undefined","path":"_id","level":"error","timestamp":"2020-02-11T12:13:33.349Z"}
{"message":"Cast to ObjectId failed for value \"undefined\" at path \"_id\" for model \"Movies\"","stack":"CastError: Cast to ObjectId failed for value \"undefined\" at path \"_id\" for model \"Movies\"\n    at new CastError (C:\\Work\\mosh\\vidly-api-node\\node_modules\\mongoose\\lib\\error\\cast.js:27:11)\n    at ObjectId.cast (C:\\Work\\mosh\\vidly-api-node\\node_modules\\mongoose\\lib\\schema\\objectid.js:158:13)\n    at ObjectId.SchemaType.applySetters (C:\\Work\\mosh\\vidly-api-node\\node_modules\\mongoose\\lib\\schematype.js:701:12)\n    at ObjectId.SchemaType._castForQuery (C:\\Work\\mosh\\vidly-api-node\\node_modules\\mongoose\\lib\\schematype.js:1072:15)\n    at ObjectId.castForQuery (C:\\Work\\mosh\\vidly-api-node\\node_modules\\mongoose\\lib\\schema\\objectid.js:198:15)\n    at ObjectId.SchemaType.castForQueryWrapper (C:\\Work\\mosh\\vidly-api-node\\node_modules\\mongoose\\lib\\schematype.js:1041:15)\n    at cast (C:\\Work\\mosh\\vidly-api-node\\node_modules\\mongoose\\lib\\cast.js:269:32)\n    at model.Query.Query.cast (C:\\Work\\mosh\\vidly-api-node\\node_modules\\mongoose\\lib\\query.js:3133:12)\n    at model.Query.Query._castConditions (C:\\Work\\mosh\\vidly-api-node\\node_modules\\mongoose\\lib\\query.js:1269:10)\n    at model.Query.Query._findOneAndRemove (C:\\Work\\mosh\\vidly-api-node\\node_modules\\mongoose\\lib\\query.js:2241:8)\n    at C:\\Work\\mosh\\vidly-api-node\\node_modules\\kareem\\index.js:276:8\n    at C:\\Work\\mosh\\vidly-api-node\\node_modules\\kareem\\index.js:23:7\n    at processTicksAndRejections (internal/process/task_queues.js:75:11)","name":"CastError","stringValue":"\"undefined\"","kind":"ObjectId","value":"undefined","path":"_id","level":"error","timestamp":"2020-02-11T12:14:32.227Z"}
{"message":"Cast to ObjectId failed for value \"undefined\" at path \"_id\" for model \"Movies\"","stack":"CastError: Cast to ObjectId failed for value \"undefined\" at path \"_id\" for model \"Movies\"\n    at new CastError (C:\\Work\\mosh\\vidly-api-node\\node_modules\\mongoose\\lib\\error\\cast.js:27:11)\n    at ObjectId.cast (C:\\Work\\mosh\\vidly-api-node\\node_modules\\mongoose\\lib\\schema\\objectid.js:158:13)\n    at ObjectId.SchemaType.applySetters (C:\\Work\\mosh\\vidly-api-node\\node_modules\\mongoose\\lib\\schematype.js:701:12)\n    at ObjectId.SchemaType._castForQuery (C:\\Work\\mosh\\vidly-api-node\\node_modules\\mongoose\\lib\\schematype.js:1072:15)\n    at ObjectId.castForQuery (C:\\Work\\mosh\\vidly-api-node\\node_modules\\mongoose\\lib\\schema\\objectid.js:198:15)\n    at ObjectId.SchemaType.castForQueryWrapper (C:\\Work\\mosh\\vidly-api-node\\node_modules\\mongoose\\lib\\schematype.js:1041:15)\n    at cast (C:\\Work\\mosh\\vidly-api-node\\node_modules\\mongoose\\lib\\cast.js:269:32)\n    at model.Query.Query.cast (C:\\Work\\mosh\\vidly-api-node\\node_modules\\mongoose\\lib\\query.js:3133:12)\n    at model.Query.Query._castConditions (C:\\Work\\mosh\\vidly-api-node\\node_modules\\mongoose\\lib\\query.js:1269:10)\n    at model.Query.Query._findOneAndRemove (C:\\Work\\mosh\\vidly-api-node\\node_modules\\mongoose\\lib\\query.js:2241:8)\n    at C:\\Work\\mosh\\vidly-api-node\\node_modules\\kareem\\index.js:276:8\n    at C:\\Work\\mosh\\vidly-api-node\\node_modules\\kareem\\index.js:23:7\n    at processTicksAndRejections (internal/process/task_queues.js:75:11)","name":"CastError","stringValue":"\"undefined\"","kind":"ObjectId","value":"undefined","path":"_id","level":"error","timestamp":"2020-02-11T12:17:45.676Z"}
{"message":"Cast to ObjectId failed for value \"undefined\" at path \"_id\" for model \"Movies\"","stack":"CastError: Cast to ObjectId failed for value \"undefined\" at path \"_id\" for model \"Movies\"\n    at new CastError (C:\\Work\\mosh\\vidly-api-node\\node_modules\\mongoose\\lib\\error\\cast.js:27:11)\n    at ObjectId.cast (C:\\Work\\mosh\\vidly-api-node\\node_modules\\mongoose\\lib\\schema\\objectid.js:158:13)\n    at ObjectId.SchemaType.applySetters (C:\\Work\\mosh\\vidly-api-node\\node_modules\\mongoose\\lib\\schematype.js:701:12)\n    at ObjectId.SchemaType._castForQuery (C:\\Work\\mosh\\vidly-api-node\\node_modules\\mongoose\\lib\\schematype.js:1072:15)\n    at ObjectId.castForQuery (C:\\Work\\mosh\\vidly-api-node\\node_modules\\mongoose\\lib\\schema\\objectid.js:198:15)\n    at ObjectId.SchemaType.castForQueryWrapper (C:\\Work\\mosh\\vidly-api-node\\node_modules\\mongoose\\lib\\schematype.js:1041:15)\n    at cast (C:\\Work\\mosh\\vidly-api-node\\node_modules\\mongoose\\lib\\cast.js:269:32)\n    at model.Query.Query.cast (C:\\Work\\mosh\\vidly-api-node\\node_modules\\mongoose\\lib\\query.js:3133:12)\n    at model.Query.Query._castConditions (C:\\Work\\mosh\\vidly-api-node\\node_modules\\mongoose\\lib\\query.js:1269:10)\n    at model.Query.Query._findOneAndRemove (C:\\Work\\mosh\\vidly-api-node\\node_modules\\mongoose\\lib\\query.js:2241:8)\n    at C:\\Work\\mosh\\vidly-api-node\\node_modules\\kareem\\index.js:276:8\n    at C:\\Work\\mosh\\vidly-api-node\\node_modules\\kareem\\index.js:23:7\n    at processTicksAndRejections (internal/process/task_queues.js:75:11)","name":"CastError","stringValue":"\"undefined\"","kind":"ObjectId","value":"undefined","path":"_id","level":"error","timestamp":"2020-02-11T12:17:59.630Z"}
{"message":"Cast to ObjectId failed for value \"undefined\" at path \"_id\" for model \"Movies\"","stack":"CastError: Cast to ObjectId failed for value \"undefined\" at path \"_id\" for model \"Movies\"\n    at new CastError (C:\\Work\\mosh\\vidly-api-node\\node_modules\\mongoose\\lib\\error\\cast.js:27:11)\n    at ObjectId.cast (C:\\Work\\mosh\\vidly-api-node\\node_modules\\mongoose\\lib\\schema\\objectid.js:158:13)\n    at ObjectId.SchemaType.applySetters (C:\\Work\\mosh\\vidly-api-node\\node_modules\\mongoose\\lib\\schematype.js:701:12)\n    at ObjectId.SchemaType._castForQuery (C:\\Work\\mosh\\vidly-api-node\\node_modules\\mongoose\\lib\\schematype.js:1072:15)\n    at ObjectId.castForQuery (C:\\Work\\mosh\\vidly-api-node\\node_modules\\mongoose\\lib\\schema\\objectid.js:198:15)\n    at ObjectId.SchemaType.castForQueryWrapper (C:\\Work\\mosh\\vidly-api-node\\node_modules\\mongoose\\lib\\schematype.js:1041:15)\n    at cast (C:\\Work\\mosh\\vidly-api-node\\node_modules\\mongoose\\lib\\cast.js:269:32)\n    at model.Query.Query.cast (C:\\Work\\mosh\\vidly-api-node\\node_modules\\mongoose\\lib\\query.js:3133:12)\n    at model.Query.Query._castConditions (C:\\Work\\mosh\\vidly-api-node\\node_modules\\mongoose\\lib\\query.js:1269:10)\n    at model.Query.Query._findOneAndRemove (C:\\Work\\mosh\\vidly-api-node\\node_modules\\mongoose\\lib\\query.js:2241:8)\n    at C:\\Work\\mosh\\vidly-api-node\\node_modules\\kareem\\index.js:276:8\n    at C:\\Work\\mosh\\vidly-api-node\\node_modules\\kareem\\index.js:23:7\n    at processTicksAndRejections (internal/process/task_queues.js:75:11)","name":"CastError","stringValue":"\"undefined\"","kind":"ObjectId","value":"undefined","path":"_id","level":"error","timestamp":"2020-02-11T12:18:35.517Z"}
{"level":"info","message":"Listening on port 3900...","timestamp":"2020-02-11T13:03:29.314Z"}
{"level":"info","message":"Connected to mongodb://localhost/vidly...","timestamp":"2020-02-11T13:03:31.366Z"}
{"level":"info","message":"Listening on port 3900...","timestamp":"2020-02-11T13:04:00.735Z"}
{"level":"info","message":"Connected to mongodb://localhost/vidly...","timestamp":"2020-02-11T13:04:02.764Z"}
{"level":"info","message":"Listening on port 3900...","timestamp":"2020-02-11T13:07:46.443Z"}
{"level":"info","message":"Connected to mongodb://localhost/vidly...","timestamp":"2020-02-11T13:07:48.473Z"}
{"level":"info","message":"Listening on port 3900...","timestamp":"2020-02-11T13:11:08.410Z"}
{"level":"info","message":"Connected to mongodb://localhost/vidly...","timestamp":"2020-02-11T13:11:10.449Z"}
{"level":"info","message":"Listening on port 3900...","timestamp":"2020-02-11T13:12:23.672Z"}
{"level":"info","message":"Connected to mongodb://localhost/vidly...","timestamp":"2020-02-11T13:12:25.705Z"}
{"level":"info","message":"Listening on port 3900...","timestamp":"2020-02-11T13:15:12.352Z"}
{"level":"info","message":"Connected to mongodb://localhost/vidly...","timestamp":"2020-02-11T13:15:14.393Z"}
{"level":"info","message":"Listening on port 3900...","timestamp":"2020-02-11T13:15:51.501Z"}
{"level":"info","message":"Connected to mongodb://localhost/vidly...","timestamp":"2020-02-11T13:15:53.593Z"}
{"level":"info","message":"Listening on port 3900...","timestamp":"2020-02-11T13:16:30.353Z"}
{"level":"info","message":"Connected to mongodb://localhost/vidly...","timestamp":"2020-02-11T13:16:32.381Z"}
{"level":"info","message":"Listening on port 3900...","timestamp":"2020-02-11T13:17:19.570Z"}
{"level":"info","message":"Connected to mongodb://localhost/vidly...","timestamp":"2020-02-11T13:17:21.612Z"}
{"level":"info","message":"Listening on port 3900...","timestamp":"2020-02-12T10:08:35.595Z"}
{"level":"info","message":"Connected to mongodb://localhost/vidly...","timestamp":"2020-02-12T10:08:37.648Z"}
{"level":"info","message":"Listening on port 3900...","timestamp":"2020-02-12T10:19:49.961Z"}
{"level":"info","message":"Connected to mongodb://localhost/vidly...","timestamp":"2020-02-12T10:19:52.264Z"}
{"message":"Unexpected token . in JSON at position 52","stack":"SyntaxError: Unexpected token . in JSON at position 52\n    at JSON.parse (<anonymous>)\n    at parse (C:\\Work\\mosh\\vidly-api-node\\node_modules\\body-parser\\lib\\types\\json.js:89:19)\n    at C:\\Work\\mosh\\vidly-api-node\\node_modules\\body-parser\\lib\\read.js:121:18\n    at invokeCallback (C:\\Work\\mosh\\vidly-api-node\\node_modules\\raw-body\\index.js:224:16)\n    at done (C:\\Work\\mosh\\vidly-api-node\\node_modules\\raw-body\\index.js:213:7)\n    at IncomingMessage.onEnd (C:\\Work\\mosh\\vidly-api-node\\node_modules\\raw-body\\index.js:273:7)\n    at IncomingMessage.emit (events.js:215:7)\n    at endReadableNT (_stream_readable.js:1200:12)\n    at processTicksAndRejections (internal/process/task_queues.js:80:21)","expose":true,"statusCode":400,"status":400,"body":"{\n\t\"email\": \"user@domain.com\",\n\t\"password\": \"123456\".\n\t\"name\": \"Alex\"\n}","type":"entity.parse.failed","level":"error","timestamp":"2020-02-12T10:38:46.889Z"}
{"level":"info","message":"Listening on port 3900...","timestamp":"2020-02-13T06:13:12.697Z"}
{"level":"info","message":"Connected to mongodb://localhost/vidly...","timestamp":"2020-02-13T06:13:14.767Z"}
{"level":"info","message":"Listening on port 3900...","timestamp":"2020-02-13T06:42:23.503Z"}
{"level":"info","message":"Connected to mongodb://localhost/vidly...","timestamp":"2020-02-13T06:42:25.564Z"}
{"level":"info","message":"Listening on port 3900...","timestamp":"2020-02-13T07:26:10.396Z"}
{"level":"info","message":"Connected to mongodb://localhost/vidly...","timestamp":"2020-02-13T07:26:12.430Z"}
{"level":"info","message":"Listening on port 3900...","timestamp":"2020-02-13T07:54:45.384Z"}
{"level":"info","message":"Connected to mongodb://localhost/vidly...","timestamp":"2020-02-13T07:54:47.418Z"}
{"level":"info","message":"Listening on port 3900...","timestamp":"2020-02-13T08:00:22.516Z"}
{"level":"info","message":"Connected to mongodb://localhost/vidly...","timestamp":"2020-02-13T08:00:24.568Z"}
{"level":"info","message":"Listening on port 3900...","timestamp":"2020-02-13T12:04:31.763Z"}
{"level":"info","message":"Connected to mongodb://localhost/vidly...","timestamp":"2020-02-13T12:04:33.797Z"}
{"level":"info","message":"Listening on port 3900...","timestamp":"2020-02-13T14:01:30.425Z"}
{"level":"info","message":"Listening on port 3900...","timestamp":"2020-02-13T14:01:52.836Z"}
{"level":"info","message":"Listening on port 3900...","timestamp":"2020-02-13T14:02:49.785Z"}
{"level":"info","message":"Listening on port 5000...","timestamp":"2020-02-14T08:08:08.337Z"}
